Copyright 1986-2019 Xilinx, Inc. All Rights Reserved.
----------------------------------------------------------------------------------------------------------------------------------------------------------------------------------------------------------------------------------------------------------------------
| Tool Version : Vivado v.2019.2 (lin64) Build 2708876 Wed Nov  6 21:39:14 MST 2019
| Date         : Wed Apr 28 13:43:55 2021
| Host         : viz-n1.crc.pitt.edu running 64-bit Red Hat Enterprise Linux Server release 7.9 (Maipo)
| Command      : report_accelerator_utilization -kernels { TransposeConv2d_kernel_TransposeConv2d_kernel:pfm_top_i/dynamic_region/TransposeConv2d_kernel_1/inst:TransposeConv2d_kernel_1} -file ../../../output/kernel_util_routed.rpt -name kernel_util_routed -json
| Design       : pfm_top_wrapper
| Device       : xcu200
| Design State : Routed
----------------------------------------------------------------------------------------------------------------------------------------------------------------------------------------------------------------------------------------------------------------------

Accelerator Utilization Design Information

Table of Contents
-----------------
1. System Utilization

1. System Utilization
---------------------

+-----------------------------------------------+-------------------+------------------+-------------------+----------------+---------------+----------------+
| Name                                          | LUT               | LUTAsMem         | REG               | BRAM           | URAM          | DSP            |
+-----------------------------------------------+-------------------+------------------+-------------------+----------------+---------------+----------------+
| Platform                                      |  157213 [ 13.30%] |  17893 [  3.02%] |  230675 [  9.76%] |  338 [ 15.65%] |   0 [  0.00%] |    7 [  0.10%] |
| User Budget                                   | 1025027 [100.00%] | 573947 [100.00%] | 2133805 [100.00%] | 1822 [100.00%] | 960 [100.00%] | 6833 [100.00%] |
|    Used Resources                             |    9959 [  0.97%] |    494 [  0.09%] |   19352 [  0.91%] |  334 [ 18.33%] |   0 [  0.00%] |  265 [  3.88%] |
|    Unused Resources                           | 1015068 [ 99.03%] | 573453 [ 99.91%] | 2114453 [ 99.09%] | 1488 [ 81.67%] | 960 [100.00%] | 6568 [ 96.12%] |
| TransposeConv2d_kernel_TransposeConv2d_kernel |    9959 [  0.97%] |    494 [  0.09%] |   19352 [  0.91%] |  334 [ 18.33%] |   0 [  0.00%] |  265 [  3.88%] |
|    TransposeConv2d_kernel_1                   |    9959 [  0.97%] |    494 [  0.09%] |   19352 [  0.91%] |  334 [ 18.33%] |   0 [  0.00%] |  265 [  3.88%] |
+-----------------------------------------------+-------------------+------------------+-------------------+----------------+---------------+----------------+


