Copyright 1986-2019 Xilinx, Inc. All Rights Reserved.
----------------------------------------------------------------------------------------------------------------------------------------------------------------------------------------------------------------------------------------------------------------------
| Tool Version : Vivado v.2019.2 (lin64) Build 2708876 Wed Nov  6 21:39:14 MST 2019
| Date         : Thu Apr 29 12:07:26 2021
| Host         : viz-n1.crc.pitt.edu running 64-bit Red Hat Enterprise Linux Server release 7.9 (Maipo)
| Command      : report_accelerator_utilization -kernels { TransposeConv2d_kernel_TransposeConv2d_kernel:pfm_top_i/dynamic_region/TransposeConv2d_kernel_1/inst:TransposeConv2d_kernel_1} -file ../../../output/kernel_util_routed.rpt -name kernel_util_routed -json
| Design       : pfm_top_wrapper
| Device       : xcu200
| Design State : Routed
----------------------------------------------------------------------------------------------------------------------------------------------------------------------------------------------------------------------------------------------------------------------

Accelerator Utilization Design Information

Table of Contents
-----------------
1. System Utilization

1. System Utilization
---------------------

+-----------------------------------------------+-------------------+------------------+-------------------+----------------+---------------+----------------+
| Name                                          | LUT               | LUTAsMem         | REG               | BRAM           | URAM          | DSP            |
+-----------------------------------------------+-------------------+------------------+-------------------+----------------+---------------+----------------+
| Platform                                      |  158305 [ 13.39%] |  18016 [  3.04%] |  228980 [  9.68%] |  357 [ 16.53%] |   0 [  0.00%] |    7 [  0.10%] |
| User Budget                                   | 1023935 [100.00%] | 573824 [100.00%] | 2135500 [100.00%] | 1803 [100.00%] | 960 [100.00%] | 6833 [100.00%] |
|    Used Resources                             |    3801 [  0.37%] |    335 [  0.06%] |    6028 [  0.28%] |   50 [  2.77%] |   0 [  0.00%] |   15 [  0.22%] |
|    Unused Resources                           | 1020134 [ 99.63%] | 573489 [ 99.94%] | 2129472 [ 99.72%] | 1753 [ 97.23%] | 960 [100.00%] | 6818 [ 99.78%] |
| TransposeConv2d_kernel_TransposeConv2d_kernel |    3801 [  0.37%] |    335 [  0.06%] |    6028 [  0.28%] |   50 [  2.77%] |   0 [  0.00%] |   15 [  0.22%] |
|    TransposeConv2d_kernel_1                   |    3801 [  0.37%] |    335 [  0.06%] |    6028 [  0.28%] |   50 [  2.77%] |   0 [  0.00%] |   15 [  0.22%] |
+-----------------------------------------------+-------------------+------------------+-------------------+----------------+---------------+----------------+


