Copyright 1986-2019 Xilinx, Inc. All Rights Reserved.
----------------------------------------------------------------------------------------------------------------------------------------------------------------------------------------------------------------------------------------------------------------------
| Tool Version : Vivado v.2019.2 (lin64) Build 2708876 Wed Nov  6 21:39:14 MST 2019
| Date         : Mon Apr 26 12:10:13 2021
| Host         : viz-n1.crc.pitt.edu running 64-bit Red Hat Enterprise Linux Server release 7.9 (Maipo)
| Command      : report_accelerator_utilization -kernels { TransposeConv2d_kernel_TransposeConv2d_kernel:pfm_top_i/dynamic_region/TransposeConv2d_kernel_1/inst:TransposeConv2d_kernel_1} -file ../../../output/kernel_util_routed.rpt -name kernel_util_routed -json
| Design       : pfm_top_wrapper
| Device       : xcu200
| Design State : Routed
----------------------------------------------------------------------------------------------------------------------------------------------------------------------------------------------------------------------------------------------------------------------

Accelerator Utilization Design Information

Table of Contents
-----------------
1. System Utilization

1. System Utilization
---------------------

+-----------------------------------------------+-------------------+------------------+-------------------+----------------+---------------+----------------+
| Name                                          | LUT               | LUTAsMem         | REG               | BRAM           | URAM          | DSP            |
+-----------------------------------------------+-------------------+------------------+-------------------+----------------+---------------+----------------+
| Platform                                      |  154368 [ 13.06%] |  17772 [  3.00%] |  223762 [  9.46%] |  320 [ 14.81%] |   0 [  0.00%] |    7 [  0.10%] |
| User Budget                                   | 1027872 [100.00%] | 574068 [100.00%] | 2140718 [100.00%] | 1840 [100.00%] | 960 [100.00%] | 6833 [100.00%] |
|    Used Resources                             |   24538 [  2.39%] |   8530 [  1.49%] |   53750 [  2.51%] |  161 [  8.75%] |   0 [  0.00%] | 1090 [ 15.95%] |
|    Unused Resources                           | 1003334 [ 97.61%] | 565538 [ 98.51%] | 2086968 [ 97.49%] | 1679 [ 91.25%] | 960 [100.00%] | 5743 [ 84.05%] |
| TransposeConv2d_kernel_TransposeConv2d_kernel |   24538 [  2.39%] |   8530 [  1.49%] |   53750 [  2.51%] |  161 [  8.75%] |   0 [  0.00%] | 1090 [ 15.95%] |
|    TransposeConv2d_kernel_1                   |   24538 [  2.39%] |   8530 [  1.49%] |   53750 [  2.51%] |  161 [  8.75%] |   0 [  0.00%] | 1090 [ 15.95%] |
+-----------------------------------------------+-------------------+------------------+-------------------+----------------+---------------+----------------+


